<?xml version="1.0" encoding="UTF-8"?>
<!-- Generated by org.testng.reporters.JUnitReportReporter -->
<testsuite hostname="DESKTOP-18KFMUI" failures="0" tests="1" name="testSuites.login_TC01" time="11.456" errors="0" timestamp="2022-02-22T10:12:50 IST" skipped="0">
  <testcase classname="testSuites.login_TC01" name="loginPositive" time="11.456"/>
  <system-out/>
</testsuite> <!-- testSuites.login_TC01 -->
